23:14:38 73.6
23:14:39 73.9
23:14:40 74.2
23:14:41 73.9
23:14:42 73.6
23:14:43 73.3
23:14:44 73.7
23:14:45 74.3
23:14:46 73.4
23:14:47 74.0
23:14:48 73.6
23:14:49 73.4
23:14:50 73.0
23:14:51 73.9
23:14:52 73.9
23:14:53 73.7
23:14:54 73.4
23:14:55 74.0
23:14:56 73.6
23:14:57 73.7
23:14:58 73.6
23:14:59 73.4
23:15:00 73.7
23:15:01 73.9
23:15:02 73.4
23:15:03 73.6
23:15:04 74.2
23:15:05 73.4
23:15:06 73.4
23:15:07 73.4
23:15:08 74.0
23:15:09 74.2
23:15:10 73.7
23:15:11 73.9
23:15:12 73.6
23:15:13 73.6
23:15:14 73.6
23:15:15 73.1
23:15:16 74.0
23:15:17 73.9
23:15:18 73.3
23:15:20 73.6
23:15:21 73.4
23:15:22 73.4
23:15:23 73.1
23:15:24 73.9
23:15:25 73.7
23:15:26 73.6
23:15:27 73.4
23:15:28 73.4
23:15:29 73.9
23:15:30 74.3
23:15:31 73.4
23:15:32 73.3
23:15:33 74.2
23:15:34 73.3
23:15:35 74.3
23:15:36 73.6
23:15:37 73.1
23:15:38 73.3
23:15:39 73.1
23:15:40 74.2
23:15:41 73.4
23:15:42 74.0
23:15:43 73.1
23:15:44 73.4
23:15:45 74.2
23:15:46 73.1
23:15:47 73.4
23:15:48 73.7
23:15:49 74.2
23:15:50 73.9
