23:16:18 60.9
23:16:21 73.7
23:16:24 74.0
23:16:27 73.9
23:16:30 73.4
23:16:33 73.4
START
23:16:36 73.3
23:16:39 73.3
23:16:42 73.6
23:16:45 73.0
23:16:48 73.3
23:16:51 73.9
PERIOD=7
23:16:54 74.3
23:17:01 73.9
23:17:08 74.0
23:17:15 74.2
23:17:22 73.4
23:17:29 73.3
23:17:36 73.3
DISP Y
23:17:43 74.3
23:17:50 74.2
23:17:57 73.7
23:18:04 74.2
23:18:11 73.4
23:18:18 73.3
23:18:25 73.7
SCALE=C
23:18:32 23.1
23:18:39 23.1
23:18:46 23.5
23:18:53 23.3
23:19:00 23.0
23:19:07 23.2
23:19:14 23.3
SCALE=F
23:19:21 73.3
23:19:28 73.3
23:19:35 73.7
23:19:42 73.1
23:19:49 73.4
23:19:56 73.0
23:20:03 73.7
PERIOD=3
23:20:10 74.3
23:20:13 73.4
23:20:16 74.3
STOP E I
STOP
PERIOD=008
SCALE=A I
DISP N
STOP
SCALE=C
START
23:20:35 23.5
23:20:43 23.4
23:20:51 23.4
23:20:59 23.5
23:21:07 23.6
23:21:15 23.7
23:21:23 23.2
23:21:31 23.3
START E I
23:21:39 23.9
23:21:47 23.4
23:21:55 23.7
23:22:03 23.7
23:22:11 23.9
23:22:19 24.1
23:22:27 23.5
23:22:35 23.8
PERIOD=06
23:22:43 23.6
23:22:49 23.7
23:22:55 23.7
23:23:01 23.7
23:23:07 23.8
23:23:13 23.7
DISP Y
23:23:19 24.1
23:23:25 23.8
23:23:31 23.6
23:23:37 23.7
23:23:43 23.3
23:23:49 23.6
DISP M I
23:23:55 24.1
23:24:01 23.6
23:24:07 23.5
23:24:13 23.7
23:24:19 23.7
23:24:25 23.8
SCALE=C
23:24:31 23.8
23:24:37 24.1
23:24:43 23.7
23:24:49 24.0
23:24:55 23.6
23:25:01 23.6
START
23:25:07 23.5
23:25:13 23.7
23:25:19 23.7
23:25:25 23.9
23:25:31 23.7
23:25:37 24.0
SCALE=F
23:25:43 74.9
23:25:49 74.6
23:25:55 75.0
23:26:01 74.9
23:26:08 74.5
23:26:14 74.6
PERIOD=0004
23:26:20 75.0
23:26:24 74.7
23:26:28 74.3
23:26:32 75.2
STOP
OFF
