23:27:10 61.9
23:27:13 74.6
23:27:16 75.3
23:27:19 74.3
23:27:22 74.6
23:27:25 75.3
START
23:27:28 74.5
23:27:31 74.5
23:27:34 74.6
23:27:37 75.2
23:27:40 74.2
23:27:43 74.7
PERIOD=7
23:27:47 74.2
23:27:54 75.0
23:28:01 75.0
23:28:08 74.6
23:28:15 74.7
23:28:22 74.7
23:28:29 75.2
DISP Y
23:28:36 75.3
23:28:43 74.9
23:28:50 74.6
23:28:57 75.2
23:29:04 75.0
23:29:11 74.9
23:29:18 74.5
SCALE=C
23:29:25 24.0
23:29:32 23.3
23:29:39 24.0
23:29:46 23.5
23:29:53 23.7
23:30:00 23.6
23:30:07 23.6
SCALE=F
23:30:14 74.6
23:30:21 75.5
23:30:28 74.2
23:30:35 74.5
23:30:42 74.5
23:30:49 74.7
23:30:56 74.5
PERIOD=3
23:31:03 74.2
23:31:06 74.3
23:31:09 74.2
STOP E I
STOP
PERIOD=008
SCALE=A I
DISP N
STOP
SCALE=C
START
23:31:36 16.6
23:31:44 23.5
23:31:52 23.5
23:32:00 23.3
23:32:08 23.6
23:32:16 23.6
23:32:24 23.7
23:32:32 23.7
START E I
23:32:40 23.4
23:32:48 23.7
23:32:56 23.8
23:33:04 24.1
23:33:12 23.7
23:33:20 23.6
23:33:28 23.5
23:33:36 23.5
PERIOD=06
23:33:44 23.6
23:33:50 23.4
23:33:56 23.6
23:34:02 23.9
23:34:08 23.7
23:34:14 23.3
DISP Y
23:34:20 23.3
23:34:26 23.4
23:34:32 22.9
23:34:38 23.3
23:34:44 23.2
23:34:50 23.3
DISP M I
23:34:56 23.2
23:35:02 23.0
23:35:08 22.9
23:35:14 22.9
23:35:20 22.7
23:35:26 22.7
SCALE=C
23:35:32 22.8
23:35:38 22.8
23:35:44 22.5
23:35:50 23.0
23:35:56 22.6
23:36:02 22.9
START
23:36:08 22.8
23:36:14 22.8
23:36:20 22.9
23:36:26 22.3
23:36:32 22.9
23:36:38 22.4
SCALE=F
23:36:44 72.9
23:36:50 73.0
23:36:56 72.9
23:37:02 73.1
23:37:08 73.1
23:37:14 72.7
PERIOD=0004
23:37:20 72.6
23:37:24 73.1
23:37:28 73.0
23:37:32 72.4
STOP
OFF
